<component name="libraryTable">
  <library name="JUnit Platform Engine" type="repository">
    <properties maven-id="org.junit.platform:junit-platform-engine:1.7.0-M1" />
    <CLASSES>
      <root url="jar://$PROJECT_DIR$/.idea/lib/junit-platform-engine-1.7.0-M1.jar!/" />
      <root url="jar://$PROJECT_DIR$/.idea/lib/apiguardian-api-1.1.0.jar!/" />
      <root url="jar://$PROJECT_DIR$/.idea/lib/opentest4j-1.2.0.jar!/" />
      <root url="jar://$PROJECT_DIR$/.idea/lib/junit-platform-commons-1.7.0-M1.jar!/" />
    </CLASSES>
    <JAVADOC />
    <SOURCES />
  </library>
</component>